This file contains any messages produced by compilers while
running configure, to aid debugging if configure makes a mistake.

It was created by spglib configure 1.9.9, which was
generated by GNU Autoconf 2.69.  Invocation command line was

  $ ./configure --disable-option-checking --prefix=/usr/local --enable-mpi FCFLAGS=-ffree-line-length-none --cache-file=/dev/null --srcdir=.

## --------- ##
## Platform. ##
## --------- ##

hostname = cllap-Inspiron-7447
uname -m = x86_64
uname -r = 4.4.0-109-generic
uname -s = Linux
uname -v = #132-Ubuntu SMP Tue Jan 9 19:52:39 UTC 2018

/usr/bin/uname -p = unknown
/bin/uname -X     = unknown

/bin/arch              = unknown
/usr/bin/arch -k       = unknown
/usr/convex/getsysinfo = unknown
/usr/bin/hostinfo      = unknown
/bin/machine           = unknown
/usr/bin/oslevel       = unknown
/bin/universe          = unknown

PATH: /home/clian/bin
PATH: /home/clian/.local/bin
PATH: /usr/local/sbin
PATH: /usr/local/bin
PATH: /usr/sbin
PATH: /usr/bin
PATH: /sbin
PATH: /bin
PATH: /usr/games
PATH: /usr/local/games
PATH: /snap/bin


## ----------- ##
## Core tests. ##
## ----------- ##

configure:2189: checking for a BSD-compatible install
configure:2257: result: /usr/bin/install -c
configure:2268: checking whether build environment is sane
configure:2323: result: yes
configure:2474: checking for a thread-safe mkdir -p
configure:2513: result: /bin/mkdir -p
configure:2520: checking for gawk
configure:2536: found /usr/bin/gawk
configure:2547: result: gawk
configure:2558: checking whether make sets $(MAKE)
configure:2580: result: yes
configure:2609: checking whether make supports nested variables
configure:2626: result: yes
configure:2806: checking for gcc
configure:2822: found /usr/bin/gcc
configure:2833: result: gcc
configure:3062: checking for C compiler version
configure:3071: gcc --version >&5
gcc (Ubuntu 5.4.0-6ubuntu1~16.04.10) 5.4.0 20160609
Copyright (C) 2015 Free Software Foundation, Inc.
This is free software; see the source for copying conditions.  There is NO
warranty; not even for MERCHANTABILITY or FITNESS FOR A PARTICULAR PURPOSE.

configure:3082: $? = 0
configure:3071: gcc -v >&5
Using built-in specs.
COLLECT_GCC=gcc
COLLECT_LTO_WRAPPER=/usr/lib/gcc/x86_64-linux-gnu/5/lto-wrapper
Target: x86_64-linux-gnu
Configured with: ../src/configure -v --with-pkgversion='Ubuntu 5.4.0-6ubuntu1~16.04.10' --with-bugurl=file:///usr/share/doc/gcc-5/README.Bugs --enable-languages=c,ada,c++,java,go,d,fortran,objc,obj-c++ --prefix=/usr --program-suffix=-5 --enable-shared --enable-linker-build-id --libexecdir=/usr/lib --without-included-gettext --enable-threads=posix --libdir=/usr/lib --enable-nls --with-sysroot=/ --enable-clocale=gnu --enable-libstdcxx-debug --enable-libstdcxx-time=yes --with-default-libstdcxx-abi=new --enable-gnu-unique-object --disable-vtable-verify --enable-libmpx --enable-plugin --with-system-zlib --disable-browser-plugin --enable-java-awt=gtk --enable-gtk-cairo --with-java-home=/usr/lib/jvm/java-1.5.0-gcj-5-amd64/jre --enable-java-home --with-jvm-root-dir=/usr/lib/jvm/java-1.5.0-gcj-5-amd64 --with-jvm-jar-dir=/usr/lib/jvm-exports/java-1.5.0-gcj-5-amd64 --with-arch-directory=amd64 --with-ecj-jar=/usr/share/java/eclipse-ecj.jar --enable-objc-gc --enable-multiarch --disable-werror --with-arch-32=i686 --with-abi=m64 --with-multilib-list=m32,m64,mx32 --enable-multilib --with-tune=generic --enable-checking=release --build=x86_64-linux-gnu --host=x86_64-linux-gnu --target=x86_64-linux-gnu
Thread model: posix
gcc version 5.4.0 20160609 (Ubuntu 5.4.0-6ubuntu1~16.04.10) 
configure:3082: $? = 0
configure:3071: gcc -V >&5
gcc: error: unrecognized command line option '-V'
gcc: fatal error: no input files
compilation terminated.
configure:3082: $? = 1
configure:3071: gcc -qversion >&5
gcc: error: unrecognized command line option '-qversion'
gcc: fatal error: no input files
compilation terminated.
configure:3082: $? = 1
configure:3102: checking whether the C compiler works
configure:3124: gcc    conftest.c  >&5
configure:3128: $? = 0
configure:3176: result: yes
configure:3179: checking for C compiler default output file name
configure:3181: result: a.out
configure:3187: checking for suffix of executables
configure:3194: gcc -o conftest    conftest.c  >&5
configure:3198: $? = 0
configure:3220: result: 
configure:3242: checking whether we are cross compiling
configure:3250: gcc -o conftest    conftest.c  >&5
configure:3254: $? = 0
configure:3261: ./conftest
configure:3265: $? = 0
configure:3280: result: no
configure:3285: checking for suffix of object files
configure:3307: gcc -c   conftest.c >&5
configure:3311: $? = 0
configure:3332: result: o
configure:3336: checking whether we are using the GNU C compiler
configure:3355: gcc -c   conftest.c >&5
configure:3355: $? = 0
configure:3364: result: yes
configure:3373: checking whether gcc accepts -g
configure:3393: gcc -c -g  conftest.c >&5
configure:3393: $? = 0
configure:3434: result: yes
configure:3451: checking for gcc option to accept ISO C89
configure:3514: gcc  -c -g -O2  conftest.c >&5
configure:3514: $? = 0
configure:3527: result: none needed
configure:3552: checking whether gcc understands -c and -o together
configure:3574: gcc -c conftest.c -o conftest2.o
configure:3577: $? = 0
configure:3574: gcc -c conftest.c -o conftest2.o
configure:3577: $? = 0
configure:3589: result: yes
configure:3617: checking for style of include used by make
configure:3645: result: GNU
configure:3671: checking dependency style of gcc
configure:3782: result: gcc3
configure:3840: checking for ranlib
configure:3856: found /usr/bin/ranlib
configure:3867: result: ranlib
configure:3895: checking for sqrt
configure:3895: gcc -o conftest -g -O2   conftest.c  >&5
conftest.c:34:6: warning: conflicting types for built-in function 'sqrt'
 char sqrt ();
      ^
/tmp/cciwboQB.o: In function `main':
/home/clian/Downloads/octopus-8.2/external_libs/spglib-1.9.9/conftest.c:45: undefined reference to `sqrt'
collect2: error: ld returned 1 exit status
configure:3895: $? = 1
configure: failed program was:
| /* confdefs.h */
| #define PACKAGE_NAME "spglib"
| #define PACKAGE_TARNAME "spglib"
| #define PACKAGE_VERSION "1.9.9"
| #define PACKAGE_STRING "spglib 1.9.9"
| #define PACKAGE_BUGREPORT "atz.togo@gmail.com"
| #define PACKAGE_URL ""
| #define PACKAGE "spglib"
| #define VERSION "1.9.9"
| /* end confdefs.h.  */
| /* Define sqrt to an innocuous variant, in case <limits.h> declares sqrt.
|    For example, HP-UX 11i <limits.h> declares gettimeofday.  */
| #define sqrt innocuous_sqrt
| 
| /* System header to define __stub macros and hopefully few prototypes,
|     which can conflict with char sqrt (); below.
|     Prefer <limits.h> to <assert.h> if __STDC__ is defined, since
|     <limits.h> exists even on freestanding compilers.  */
| 
| #ifdef __STDC__
| # include <limits.h>
| #else
| # include <assert.h>
| #endif
| 
| #undef sqrt
| 
| /* Override any GCC internal prototype to avoid an error.
|    Use char because int might match the return type of a GCC
|    builtin and then its argument prototype would still apply.  */
| #ifdef __cplusplus
| extern "C"
| #endif
| char sqrt ();
| /* The GNU C library defines this for functions which it implements
|     to always fail with ENOSYS.  Some functions are actually named
|     something starting with __ and the normal name is an alias.  */
| #if defined __stub_sqrt || defined __stub___sqrt
| choke me
| #endif
| 
| int
| main ()
| {
| return sqrt ();
|   ;
|   return 0;
| }
configure:3895: result: no
configure:3911: checking how to run the C preprocessor
configure:3942: gcc -E  conftest.c
configure:3942: $? = 0
configure:3956: gcc -E  conftest.c
conftest.c:11:28: fatal error: ac_nonexistent.h: No such file or directory
compilation terminated.
configure:3956: $? = 1
configure: failed program was:
| /* confdefs.h */
| #define PACKAGE_NAME "spglib"
| #define PACKAGE_TARNAME "spglib"
| #define PACKAGE_VERSION "1.9.9"
| #define PACKAGE_STRING "spglib 1.9.9"
| #define PACKAGE_BUGREPORT "atz.togo@gmail.com"
| #define PACKAGE_URL ""
| #define PACKAGE "spglib"
| #define VERSION "1.9.9"
| /* end confdefs.h.  */
| #include <ac_nonexistent.h>
configure:3981: result: gcc -E
configure:4001: gcc -E  conftest.c
configure:4001: $? = 0
configure:4015: gcc -E  conftest.c
conftest.c:11:28: fatal error: ac_nonexistent.h: No such file or directory
compilation terminated.
configure:4015: $? = 1
configure: failed program was:
| /* confdefs.h */
| #define PACKAGE_NAME "spglib"
| #define PACKAGE_TARNAME "spglib"
| #define PACKAGE_VERSION "1.9.9"
| #define PACKAGE_STRING "spglib 1.9.9"
| #define PACKAGE_BUGREPORT "atz.togo@gmail.com"
| #define PACKAGE_URL ""
| #define PACKAGE "spglib"
| #define VERSION "1.9.9"
| /* end confdefs.h.  */
| #include <ac_nonexistent.h>
configure:4044: checking for grep that handles long lines and -e
configure:4102: result: /bin/grep
configure:4107: checking for egrep
configure:4169: result: /bin/grep -E
configure:4174: checking for ANSI C header files
configure:4194: gcc -c -g -O2  conftest.c >&5
configure:4194: $? = 0
configure:4267: gcc -o conftest -g -O2   conftest.c  >&5
configure:4267: $? = 0
configure:4267: ./conftest
configure:4267: $? = 0
configure:4278: result: yes
configure:4291: checking for sys/types.h
configure:4291: gcc -c -g -O2  conftest.c >&5
configure:4291: $? = 0
configure:4291: result: yes
configure:4291: checking for sys/stat.h
configure:4291: gcc -c -g -O2  conftest.c >&5
configure:4291: $? = 0
configure:4291: result: yes
configure:4291: checking for stdlib.h
configure:4291: gcc -c -g -O2  conftest.c >&5
configure:4291: $? = 0
configure:4291: result: yes
configure:4291: checking for string.h
configure:4291: gcc -c -g -O2  conftest.c >&5
configure:4291: $? = 0
configure:4291: result: yes
configure:4291: checking for memory.h
configure:4291: gcc -c -g -O2  conftest.c >&5
configure:4291: $? = 0
configure:4291: result: yes
configure:4291: checking for strings.h
configure:4291: gcc -c -g -O2  conftest.c >&5
configure:4291: $? = 0
configure:4291: result: yes
configure:4291: checking for inttypes.h
configure:4291: gcc -c -g -O2  conftest.c >&5
configure:4291: $? = 0
configure:4291: result: yes
configure:4291: checking for stdint.h
configure:4291: gcc -c -g -O2  conftest.c >&5
configure:4291: $? = 0
configure:4291: result: yes
configure:4291: checking for unistd.h
configure:4291: gcc -c -g -O2  conftest.c >&5
configure:4291: $? = 0
configure:4291: result: yes
configure:4306: checking for stdlib.h
configure:4306: result: yes
configure:4306: checking for string.h
configure:4306: result: yes
configure:4306: checking math.h usability
configure:4306: gcc -c -g -O2  conftest.c >&5
configure:4306: $? = 0
configure:4306: result: yes
configure:4306: checking math.h presence
configure:4306: gcc -E  conftest.c
configure:4306: $? = 0
configure:4306: result: yes
configure:4306: checking for math.h
configure:4306: result: yes
configure:4318: checking for an ANSI C-conforming const
configure:4384: gcc -c -g -O2  conftest.c >&5
configure:4384: $? = 0
configure:4391: result: yes
configure:4403: checking for stdlib.h
configure:4403: result: yes
configure:4413: checking for GNU libc compatible malloc
configure:4437: gcc -o conftest -g -O2   conftest.c  >&5
configure:4437: $? = 0
configure:4437: ./conftest
configure:4437: $? = 0
configure:4447: result: yes
configure:4580: checking that generated files are newer than configure
configure:4586: result: done
configure:4609: creating ./config.status

## ---------------------- ##
## Running config.status. ##
## ---------------------- ##

This file was extended by spglib config.status 1.9.9, which was
generated by GNU Autoconf 2.69.  Invocation command line was

  CONFIG_FILES    = 
  CONFIG_HEADERS  = 
  CONFIG_LINKS    = 
  CONFIG_COMMANDS = 
  $ ./config.status 

on cllap-Inspiron-7447

config.status:859: creating Makefile
config.status:859: creating src/Makefile
config.status:859: creating config.h
config.status:1040: config.h is unchanged
config.status:1088: executing depfiles commands

## ---------------- ##
## Cache variables. ##
## ---------------- ##

ac_cv_c_compiler_gnu=yes
ac_cv_c_const=yes
ac_cv_env_CC_set=
ac_cv_env_CC_value=
ac_cv_env_CFLAGS_set=
ac_cv_env_CFLAGS_value=
ac_cv_env_CPPFLAGS_set=
ac_cv_env_CPPFLAGS_value=
ac_cv_env_CPP_set=
ac_cv_env_CPP_value=
ac_cv_env_LDFLAGS_set=
ac_cv_env_LDFLAGS_value=
ac_cv_env_LIBS_set=
ac_cv_env_LIBS_value=
ac_cv_env_build_alias_set=
ac_cv_env_build_alias_value=
ac_cv_env_host_alias_set=
ac_cv_env_host_alias_value=
ac_cv_env_target_alias_set=
ac_cv_env_target_alias_value=
ac_cv_func_malloc_0_nonnull=yes
ac_cv_func_sqrt=no
ac_cv_header_inttypes_h=yes
ac_cv_header_math_h=yes
ac_cv_header_memory_h=yes
ac_cv_header_stdc=yes
ac_cv_header_stdint_h=yes
ac_cv_header_stdlib_h=yes
ac_cv_header_string_h=yes
ac_cv_header_strings_h=yes
ac_cv_header_sys_stat_h=yes
ac_cv_header_sys_types_h=yes
ac_cv_header_unistd_h=yes
ac_cv_objext=o
ac_cv_path_EGREP='/bin/grep -E'
ac_cv_path_GREP=/bin/grep
ac_cv_path_install='/usr/bin/install -c'
ac_cv_path_mkdir=/bin/mkdir
ac_cv_prog_AWK=gawk
ac_cv_prog_CPP='gcc -E'
ac_cv_prog_ac_ct_CC=gcc
ac_cv_prog_ac_ct_RANLIB=ranlib
ac_cv_prog_cc_c89=
ac_cv_prog_cc_g=yes
ac_cv_prog_make_make_set=yes
am_cv_CC_dependencies_compiler_type=gcc3
am_cv_make_support_nested_variables=yes
am_cv_prog_cc_c_o=yes

## ----------------- ##
## Output variables. ##
## ----------------- ##

ACLOCAL='${SHELL} /home/clian/Downloads/octopus-8.2/external_libs/spglib-1.9.9/missing aclocal-1.15'
AMDEPBACKSLASH='\'
AMDEP_FALSE='#'
AMDEP_TRUE=''
AMTAR='$${TAR-tar}'
AM_BACKSLASH='\'
AM_DEFAULT_V='$(AM_DEFAULT_VERBOSITY)'
AM_DEFAULT_VERBOSITY='1'
AM_V='$(V)'
AUTOCONF='${SHELL} /home/clian/Downloads/octopus-8.2/external_libs/spglib-1.9.9/missing autoconf'
AUTOHEADER='${SHELL} /home/clian/Downloads/octopus-8.2/external_libs/spglib-1.9.9/missing autoheader'
AUTOMAKE='${SHELL} /home/clian/Downloads/octopus-8.2/external_libs/spglib-1.9.9/missing automake-1.15'
AWK='gawk'
CC='gcc'
CCDEPMODE='depmode=gcc3'
CFLAGS='-g -O2'
CPP='gcc -E'
CPPFLAGS=''
CYGPATH_W='echo'
DEFS='-DHAVE_CONFIG_H'
DEPDIR='.deps'
ECHO_C=''
ECHO_N='-n'
ECHO_T=''
EGREP='/bin/grep -E'
EXEEXT=''
GREP='/bin/grep'
INSTALL_DATA='${INSTALL} -m 644'
INSTALL_PROGRAM='${INSTALL}'
INSTALL_SCRIPT='${INSTALL}'
INSTALL_STRIP_PROGRAM='$(install_sh) -c -s'
LDFLAGS=''
LIBOBJS=''
LIBS=''
LTLIBOBJS=''
MAKEINFO='${SHELL} /home/clian/Downloads/octopus-8.2/external_libs/spglib-1.9.9/missing makeinfo'
MKDIR_P='/bin/mkdir -p'
OBJEXT='o'
PACKAGE='spglib'
PACKAGE_BUGREPORT='atz.togo@gmail.com'
PACKAGE_NAME='spglib'
PACKAGE_STRING='spglib 1.9.9'
PACKAGE_TARNAME='spglib'
PACKAGE_URL=''
PACKAGE_VERSION='1.9.9'
PATH_SEPARATOR=':'
RANLIB='ranlib'
SET_MAKE=''
SHELL='/bin/bash'
STRIP=''
VERSION='1.9.9'
ac_ct_CC='gcc'
am__EXEEXT_FALSE=''
am__EXEEXT_TRUE='#'
am__fastdepCC_FALSE='#'
am__fastdepCC_TRUE=''
am__include='include'
am__isrc=''
am__leading_dot='.'
am__nodep='_no'
am__quote=''
am__tar='$${TAR-tar} chof - "$$tardir"'
am__untar='$${TAR-tar} xf -'
bindir='${exec_prefix}/bin'
build_alias=''
datadir='${datarootdir}'
datarootdir='${prefix}/share'
docdir='${datarootdir}/doc/${PACKAGE_TARNAME}'
dvidir='${docdir}'
exec_prefix='${prefix}'
host_alias=''
htmldir='${docdir}'
includedir='${prefix}/include'
infodir='${datarootdir}/info'
install_sh='${SHELL} /home/clian/Downloads/octopus-8.2/external_libs/spglib-1.9.9/install-sh'
libdir='${exec_prefix}/lib'
libexecdir='${exec_prefix}/libexec'
localedir='${datarootdir}/locale'
localstatedir='${prefix}/var'
mandir='${datarootdir}/man'
mkdir_p='$(MKDIR_P)'
oldincludedir='/usr/include'
pdfdir='${docdir}'
prefix='/usr/local'
program_transform_name='s,x,x,'
psdir='${docdir}'
sbindir='${exec_prefix}/sbin'
sharedstatedir='${prefix}/com'
sysconfdir='${prefix}/etc'
target_alias=''

## ----------- ##
## confdefs.h. ##
## ----------- ##

/* confdefs.h */
#define PACKAGE_NAME "spglib"
#define PACKAGE_TARNAME "spglib"
#define PACKAGE_VERSION "1.9.9"
#define PACKAGE_STRING "spglib 1.9.9"
#define PACKAGE_BUGREPORT "atz.togo@gmail.com"
#define PACKAGE_URL ""
#define PACKAGE "spglib"
#define VERSION "1.9.9"
#define STDC_HEADERS 1
#define HAVE_SYS_TYPES_H 1
#define HAVE_SYS_STAT_H 1
#define HAVE_STDLIB_H 1
#define HAVE_STRING_H 1
#define HAVE_MEMORY_H 1
#define HAVE_STRINGS_H 1
#define HAVE_INTTYPES_H 1
#define HAVE_STDINT_H 1
#define HAVE_UNISTD_H 1
#define HAVE_STDLIB_H 1
#define HAVE_STRING_H 1
#define HAVE_MATH_H 1
#define HAVE_STDLIB_H 1
#define HAVE_MALLOC 1

configure: exit 0
